2023.04.27 17:13:39 INFO  Started: Metals version 0.11.12 in workspace 'D:\Web\Control-Systems-Solver' for client Visual Studio Code 1.77.3.
Apr 27, 2023 5:13:39 PM org.flywaydb.core.internal.license.VersionPrinter printVersionOnly
INFO: Flyway Community Edition 9.16.3 by Redgate
Apr 27, 2023 5:13:39 PM org.flywaydb.core.internal.license.VersionPrinter printVersion
INFO: See release notes here: https://rd.gt/416ObMi
Apr 27, 2023 5:13:39 PM org.flywaydb.core.internal.license.VersionPrinter printVersion
INFO: 
Apr 27, 2023 5:13:40 PM org.flywaydb.core.internal.database.base.BaseDatabaseType createDatabase
INFO: Database: jdbc:h2:file:D:\Web\Control-Systems-Solver\.metals\metals (H2 2.1)
Apr 27, 2023 5:13:40 PM org.flywaydb.core.internal.schemahistory.JdbcTableSchemaHistory allAppliedMigrations
INFO: Schema history table "PUBLIC"."flyway_schema_history" does not exist yet
Apr 27, 2023 5:13:40 PM org.flywaydb.core.internal.command.DbValidate validate
INFO: Successfully validated 4 migrations (execution time 00:00.022s)
Apr 27, 2023 5:13:40 PM org.flywaydb.core.internal.schemahistory.JdbcTableSchemaHistory create
INFO: Creating Schema History table "PUBLIC"."flyway_schema_history" ...
Apr 27, 2023 5:13:40 PM org.flywaydb.core.internal.command.DbMigrate migrateGroup
INFO: Current version of schema "PUBLIC": << Empty Schema >>
Apr 27, 2023 5:13:40 PM org.flywaydb.core.internal.command.DbMigrate doMigrateGroup
INFO: Migrating schema "PUBLIC" to version "1 - Create tables"
Apr 27, 2023 5:13:40 PM org.flywaydb.core.internal.command.DbMigrate doMigrateGroup
INFO: Migrating schema "PUBLIC" to version "2 - Server discovery"
Apr 27, 2023 5:13:40 PM org.flywaydb.core.internal.command.DbMigrate doMigrateGroup
INFO: Migrating schema "PUBLIC" to version "3 - Jar symbols"
Apr 27, 2023 5:13:40 PM org.flywaydb.core.internal.command.DbMigrate doMigrateGroup
INFO: Migrating schema "PUBLIC" to version "4 - Fingerprints"
Apr 27, 2023 5:13:40 PM org.flywaydb.core.internal.command.DbMigrate logSummary
INFO: Successfully applied 4 migrations to schema "PUBLIC", now at version v4 (execution time 00:00.088s)
2023.04.27 17:13:40 INFO  time: initialize in 0.79s
2023.04.27 17:13:42 WARN  Build server is not auto-connectable.
2023.04.27 17:13:42 WARN  no build tool detected in workspace 'D:\Web\Control-Systems-Solver'. The most common cause for this problem is that the editor was opened in the wrong working directory, for example if you use sbt then the workspace directory should contain build.sbt. 
2023.04.27 17:13:42 WARN  no build target for: D:\Web\Control-Systems-Solver\Backend\src\main\java\com\accursed\controlsolver\signalFlow\SignalFlowGraph.java
2023.04.27 17:15:22 INFO  Shutting down server
2023.04.27 17:15:22 INFO  shutting down Metals
2023.04.27 17:15:22 INFO  Exiting server
2023.04.28 16:45:26 INFO  Started: Metals version 0.11.12 in workspace 'D:\Web\Control-Systems-Solver' for client Visual Studio Code 1.77.3.
Apr 28, 2023 4:45:26 PM org.flywaydb.core.internal.license.VersionPrinter printVersionOnly
INFO: Flyway Community Edition 9.16.3 by Redgate
Apr 28, 2023 4:45:26 PM org.flywaydb.core.internal.license.VersionPrinter printVersion
INFO: See release notes here: https://rd.gt/416ObMi
Apr 28, 2023 4:45:26 PM org.flywaydb.core.internal.license.VersionPrinter printVersion
INFO: 
Apr 28, 2023 4:45:27 PM org.flywaydb.core.internal.database.base.BaseDatabaseType createDatabase
INFO: Database: jdbc:h2:file:D:\Web\Control-Systems-Solver\.metals\metals (H2 2.1)
Apr 28, 2023 4:45:27 PM org.flywaydb.core.internal.command.DbValidate validate
INFO: Successfully validated 4 migrations (execution time 00:00.017s)
Apr 28, 2023 4:45:27 PM org.flywaydb.core.internal.command.DbMigrate migrateGroup
INFO: Current version of schema "PUBLIC": 4
Apr 28, 2023 4:45:27 PM org.flywaydb.core.internal.command.DbMigrate logSummary
INFO: Schema "PUBLIC" is up to date. No migration necessary.
2023.04.28 16:45:27 INFO  time: initialize in 1.02s
2023.04.28 16:45:29 WARN  Build server is not auto-connectable.
2023.04.28 16:45:29 WARN  no build tool detected in workspace 'D:\Web\Control-Systems-Solver'. The most common cause for this problem is that the editor was opened in the wrong working directory, for example if you use sbt then the workspace directory should contain build.sbt. 
2023.04.28 16:45:29 WARN  no build target for: D:\Web\Control-Systems-Solver\Backend\src\main\java\com\accursed\controlsolver\signalFlow\SignalFlowGraph.java
2023.04.28 16:48:09 WARN  no build target for: D:\Web\Control-Systems-Solver\Backend\src\main\java\com\accursed\controlsolver\signalFlow\SignalFlowGraph.java
2023.04.28 16:51:10 WARN  no build target for: D:\Web\Control-Systems-Solver\Backend\src\main\java\com\accursed\controlsolver\signalFlow\SignalFlowGraph.java
2023.04.28 16:54:11 WARN  no build target for: D:\Web\Control-Systems-Solver\Backend\src\main\java\com\accursed\controlsolver\signalFlow\SignalFlowGraph.java
2023.04.28 16:56:00 INFO  Shutting down server
2023.04.28 16:56:00 INFO  shutting down Metals
2023.04.28 16:56:00 INFO  Exiting server
